{"/home/s432034498/Documentos/Solução Novo Grupo/fast-food-ms-pagamento/src/adapters/driver/api/controller/OrderController.ts": {"path":"/home/s432034498/Documentos/Solução Novo Grupo/fast-food-ms-pagamento/src/adapters/driver/api/controller/OrderController.ts","statementMap":{"0":{"start":{"line":1,"column":0},"end":{"line":1,"column":97}},"1":{"start":{"line":3,"column":0},"end":{"line":3,"column":63}},"2":{"start":{"line":4,"column":0},"end":{"line":4,"column":49}},"3":{"start":{"line":5,"column":0},"end":{"line":5,"column":64}},"4":{"start":{"line":6,"column":0},"end":{"line":6,"column":26}},"5":{"start":{"line":8,"column":29},"end":{"line":8,"column":85}},"6":{"start":{"line":10,"column":29},"end":{"line":10,"column":85}},"7":{"start":{"line":14,"column":7},"end":{"line":176,"column":null}},"8":{"start":{"line":18,"column":4},"end":{"line":18,"column":37}},"9":{"start":{"line":26,"column":4},"end":{"line":48,"column":5}},"10":{"start":{"line":27,"column":34},"end":{"line":27,"column":57}},"11":{"start":{"line":29,"column":6},"end":{"line":33,"column":7}},"12":{"start":{"line":30,"column":8},"end":{"line":30,"column":57}},"13":{"start":{"line":32,"column":8},"end":{"line":32,"column":null}},"14":{"start":{"line":35,"column":6},"end":{"line":41,"column":7}},"15":{"start":{"line":36,"column":24},"end":{"line":36,"column":73}},"16":{"start":{"line":38,"column":8},"end":{"line":40,"column":9}},"17":{"start":{"line":39,"column":10},"end":{"line":39,"column":83}},"18":{"start":{"line":44,"column":6},"end":{"line":44,"column":61}},"19":{"start":{"line":47,"column":6},"end":{"line":47,"column":78}},"20":{"start":{"line":58,"column":4},"end":{"line":66,"column":5}},"21":{"start":{"line":59,"column":20},"end":{"line":59,"column":78}},"22":{"start":{"line":60,"column":6},"end":{"line":62,"column":7}},"23":{"start":{"line":61,"column":8},"end":{"line":61,"column":69}},"24":{"start":{"line":63,"column":6},"end":{"line":63,"column":19}},"25":{"start":{"line":65,"column":6},"end":{"line":65,"column":78}},"26":{"start":{"line":75,"column":4},"end":{"line":82,"column":5}},"27":{"start":{"line":76,"column":22},"end":{"line":76,"column":64}},"28":{"start":{"line":77,"column":6},"end":{"line":79,"column":7}},"29":{"start":{"line":78,"column":8},"end":{"line":78,"column":69}},"30":{"start":{"line":81,"column":6},"end":{"line":81,"column":78}},"31":{"start":{"line":91,"column":4},"end":{"line":99,"column":5}},"32":{"start":{"line":92,"column":20},"end":{"line":92,"column":63}},"33":{"start":{"line":93,"column":6},"end":{"line":95,"column":7}},"34":{"start":{"line":94,"column":8},"end":{"line":94,"column":69}},"35":{"start":{"line":96,"column":6},"end":{"line":96,"column":19}},"36":{"start":{"line":98,"column":6},"end":{"line":98,"column":78}},"37":{"start":{"line":107,"column":4},"end":{"line":112,"column":5}},"38":{"start":{"line":108,"column":21},"end":{"line":108,"column":69}},"39":{"start":{"line":109,"column":6},"end":{"line":109,"column":20}},"40":{"start":{"line":111,"column":6},"end":{"line":111,"column":78}},"41":{"start":{"line":121,"column":4},"end":{"line":123,"column":5}},"42":{"start":{"line":122,"column":6},"end":{"line":122,"column":68}},"43":{"start":{"line":125,"column":4},"end":{"line":130,"column":5}},"44":{"start":{"line":126,"column":21},"end":{"line":126,"column":82}},"45":{"start":{"line":127,"column":6},"end":{"line":127,"column":20}},"46":{"start":{"line":129,"column":6},"end":{"line":129,"column":78}},"47":{"start":{"line":140,"column":4},"end":{"line":142,"column":5}},"48":{"start":{"line":141,"column":6},"end":{"line":141,"column":90}},"49":{"start":{"line":144,"column":4},"end":{"line":152,"column":5}},"50":{"start":{"line":145,"column":21},"end":{"line":147,"column":null}},"51":{"start":{"line":149,"column":6},"end":{"line":149,"column":20}},"52":{"start":{"line":151,"column":6},"end":{"line":151,"column":78}},"53":{"start":{"line":162,"column":4},"end":{"line":164,"column":5}},"54":{"start":{"line":163,"column":6},"end":{"line":163,"column":90}},"55":{"start":{"line":166,"column":4},"end":{"line":174,"column":5}},"56":{"start":{"line":167,"column":21},"end":{"line":169,"column":null}},"57":{"start":{"line":171,"column":6},"end":{"line":171,"column":20}},"58":{"start":{"line":173,"column":6},"end":{"line":173,"column":78}},"59":{"start":{"line":14,"column":13},"end":{"line":14,"column":28}},"60":{"start":{"line":22,"column":15},"end":{"line":49,"column":null}},"61":{"start":{"line":52,"column":15},"end":{"line":67,"column":null}},"62":{"start":{"line":70,"column":15},"end":{"line":83,"column":null}},"63":{"start":{"line":86,"column":15},"end":{"line":100,"column":null}},"64":{"start":{"line":103,"column":15},"end":{"line":113,"column":null}},"65":{"start":{"line":116,"column":15},"end":{"line":131,"column":null}},"66":{"start":{"line":134,"column":15},"end":{"line":153,"column":null}},"67":{"start":{"line":156,"column":15},"end":{"line":175,"column":null}},"68":{"start":{"line":14,"column":13},"end":{"line":176,"column":null}}},"fnMap":{"0":{"name":"(anonymous_5)","decl":{"start":{"line":17,"column":2},"end":{"line":17,"column":14}},"loc":{"start":{"line":17,"column":41},"end":{"line":19,"column":3}}},"1":{"name":"(anonymous_6)","decl":{"start":{"line":22,"column":9},"end":{"line":22,"column":14}},"loc":{"start":{"line":24,"column":72},"end":{"line":49,"column":3}}},"2":{"name":"(anonymous_7)","decl":{"start":{"line":52,"column":9},"end":{"line":52,"column":14}},"loc":{"start":{"line":56,"column":72},"end":{"line":67,"column":3}}},"3":{"name":"(anonymous_8)","decl":{"start":{"line":70,"column":9},"end":{"line":70,"column":14}},"loc":{"start":{"line":73,"column":72},"end":{"line":83,"column":3}}},"4":{"name":"(anonymous_9)","decl":{"start":{"line":86,"column":9},"end":{"line":86,"column":14}},"loc":{"start":{"line":89,"column":72},"end":{"line":100,"column":3}}},"5":{"name":"(anonymous_10)","decl":{"start":{"line":103,"column":9},"end":{"line":103,"column":14}},"loc":{"start":{"line":105,"column":72},"end":{"line":113,"column":3}}},"6":{"name":"(anonymous_11)","decl":{"start":{"line":116,"column":9},"end":{"line":116,"column":14}},"loc":{"start":{"line":119,"column":72},"end":{"line":131,"column":3}}},"7":{"name":"(anonymous_12)","decl":{"start":{"line":134,"column":9},"end":{"line":134,"column":14}},"loc":{"start":{"line":138,"column":72},"end":{"line":153,"column":3}}},"8":{"name":"(anonymous_13)","decl":{"start":{"line":156,"column":9},"end":{"line":156,"column":14}},"loc":{"start":{"line":160,"column":72},"end":{"line":175,"column":3}}}},"branchMap":{"0":{"loc":{"start":{"line":8,"column":29},"end":{"line":8,"column":85}},"type":"cond-expr","locations":[{"start":{"line":8,"column":56},"end":{"line":8,"column":80}},{"start":{"line":8,"column":83},"end":{"line":8,"column":85}}]},"1":{"loc":{"start":{"line":10,"column":29},"end":{"line":10,"column":85}},"type":"cond-expr","locations":[{"start":{"line":10,"column":56},"end":{"line":10,"column":80}},{"start":{"line":10,"column":83},"end":{"line":10,"column":85}}]},"2":{"loc":{"start":{"line":38,"column":8},"end":{"line":40,"column":9}},"type":"if","locations":[{"start":{"line":38,"column":8},"end":{"line":40,"column":9}}]},"3":{"loc":{"start":{"line":60,"column":6},"end":{"line":62,"column":7}},"type":"if","locations":[{"start":{"line":60,"column":6},"end":{"line":62,"column":7}}]},"4":{"loc":{"start":{"line":77,"column":6},"end":{"line":79,"column":7}},"type":"if","locations":[{"start":{"line":77,"column":6},"end":{"line":79,"column":7}}]},"5":{"loc":{"start":{"line":93,"column":6},"end":{"line":95,"column":7}},"type":"if","locations":[{"start":{"line":93,"column":6},"end":{"line":95,"column":7}}]},"6":{"loc":{"start":{"line":121,"column":4},"end":{"line":123,"column":5}},"type":"if","locations":[{"start":{"line":121,"column":4},"end":{"line":123,"column":5}}]},"7":{"loc":{"start":{"line":140,"column":4},"end":{"line":142,"column":5}},"type":"if","locations":[{"start":{"line":140,"column":4},"end":{"line":142,"column":5}}]},"8":{"loc":{"start":{"line":140,"column":8},"end":{"line":140,"column":30}},"type":"binary-expr","locations":[{"start":{"line":140,"column":8},"end":{"line":140,"column":18}},{"start":{"line":140,"column":22},"end":{"line":140,"column":30}}]},"9":{"loc":{"start":{"line":162,"column":4},"end":{"line":164,"column":5}},"type":"if","locations":[{"start":{"line":162,"column":4},"end":{"line":164,"column":5}}]},"10":{"loc":{"start":{"line":162,"column":8},"end":{"line":162,"column":30}},"type":"binary-expr","locations":[{"start":{"line":162,"column":8},"end":{"line":162,"column":18}},{"start":{"line":162,"column":22},"end":{"line":162,"column":30}}]}},"s":{"0":1,"1":1,"2":1,"3":1,"4":1,"5":1,"6":1,"7":1,"8":20,"9":4,"10":4,"11":4,"12":4,"13":4,"14":0,"15":0,"16":0,"17":0,"18":0,"19":0,"20":4,"21":4,"22":4,"23":4,"24":0,"25":0,"26":3,"27":3,"28":3,"29":2,"30":0,"31":2,"32":2,"33":2,"34":2,"35":0,"36":0,"37":0,"38":0,"39":0,"40":0,"41":4,"42":4,"43":0,"44":0,"45":0,"46":0,"47":1,"48":0,"49":1,"50":1,"51":1,"52":0,"53":2,"54":0,"55":2,"56":2,"57":2,"58":0,"59":1,"60":1,"61":1,"62":1,"63":1,"64":1,"65":1,"66":1,"67":1,"68":1},"f":{"0":20,"1":4,"2":4,"3":3,"4":2,"5":0,"6":4,"7":1,"8":2},"b":{"0":[0,1],"1":[0,1],"2":[0],"3":[4],"4":[2],"5":[2],"6":[4],"7":[0],"8":[1,1],"9":[0],"10":[2,2]}}
,"/home/s432034498/Documentos/Solução Novo Grupo/fast-food-ms-pagamento/src/adapters/driver/api/controller/dto/OrderDto.ts": {"path":"/home/s432034498/Documentos/Solução Novo Grupo/fast-food-ms-pagamento/src/adapters/driver/api/controller/dto/OrderDto.ts","statementMap":{"0":{"start":{"line":3,"column":0},"end":{"line":3,"column":13}},"1":{"start":{"line":13,"column":0},"end":{"line":13,"column":13}}},"fnMap":{},"branchMap":{},"s":{"0":1,"1":1},"f":{},"b":{}}
,"/home/s432034498/Documentos/Solução Novo Grupo/fast-food-ms-pagamento/src/adapters/driver/api/mapper/order.mapper.ts": {"path":"/home/s432034498/Documentos/Solução Novo Grupo/fast-food-ms-pagamento/src/adapters/driver/api/mapper/order.mapper.ts","statementMap":{"0":{"start":{"line":1,"column":0},"end":{"line":1,"column":71}},"1":{"start":{"line":5,"column":23},"end":{"line":22,"column":1}},"2":{"start":{"line":6,"column":45},"end":{"line":6,"column":49}},"3":{"start":{"line":8,"column":33},"end":{"line":12,"column":4}},"4":{"start":{"line":14,"column":45},"end":{"line":19,"column":5}},"5":{"start":{"line":14,"column":66},"end":{"line":19,"column":4}},"6":{"start":{"line":21,"column":2},"end":{"line":21,"column":29}},"7":{"start":{"line":5,"column":13},"end":{"line":5,"column":23}}},"fnMap":{"0":{"name":"(anonymous_0)","decl":{"start":{"line":5,"column":23},"end":{"line":5,"column":24}},"loc":{"start":{"line":5,"column":112},"end":{"line":22,"column":1}}},"1":{"name":"(anonymous_1)","decl":{"start":{"line":14,"column":55},"end":{"line":14,"column":56}},"loc":{"start":{"line":14,"column":66},"end":{"line":19,"column":4}}}},"branchMap":{},"s":{"0":1,"1":1,"2":4,"3":4,"4":4,"5":4,"6":4,"7":1},"f":{"0":4,"1":4},"b":{}}
,"/home/s432034498/Documentos/Solução Novo Grupo/fast-food-ms-pagamento/src/adapters/driver/api/repository/TypeORMRepository.ts": {"path":"/home/s432034498/Documentos/Solução Novo Grupo/fast-food-ms-pagamento/src/adapters/driver/api/repository/TypeORMRepository.ts","statementMap":{"0":{"start":{"line":8,"column":4},"end":{"line":8,"column":55}},"1":{"start":{"line":12,"column":19},"end":{"line":12,"column":47}},"2":{"start":{"line":13,"column":4},"end":{"line":13,"column":40}},"3":{"start":{"line":17,"column":21},"end":{"line":17,"column":49}},"4":{"start":{"line":18,"column":4},"end":{"line":18,"column":42}},"5":{"start":{"line":22,"column":4},"end":{"line":22,"column":40}},"6":{"start":{"line":26,"column":4},"end":{"line":26,"column":44}},"7":{"start":{"line":30,"column":4},"end":{"line":30,"column":38}},"8":{"start":{"line":34,"column":4},"end":{"line":34,"column":41}},"9":{"start":{"line":4,"column":0},"end":{"line":4,"column":13}}},"fnMap":{"0":{"name":"(anonymous_0)","decl":{"start":{"line":7,"column":2},"end":{"line":7,"column":14}},"loc":{"start":{"line":7,"column":57},"end":{"line":9,"column":3}}},"1":{"name":"(anonymous_1)","decl":{"start":{"line":11,"column":2},"end":{"line":11,"column":8}},"loc":{"start":{"line":11,"column":16},"end":{"line":14,"column":3}}},"2":{"name":"(anonymous_2)","decl":{"start":{"line":16,"column":2},"end":{"line":16,"column":12}},"loc":{"start":{"line":16,"column":22},"end":{"line":19,"column":3}}},"3":{"name":"(anonymous_3)","decl":{"start":{"line":21,"column":2},"end":{"line":21,"column":6}},"loc":{"start":{"line":21,"column":16},"end":{"line":23,"column":3}}},"4":{"name":"(anonymous_4)","decl":{"start":{"line":25,"column":2},"end":{"line":25,"column":11}},"loc":{"start":{"line":25,"column":29},"end":{"line":27,"column":3}}},"5":{"name":"(anonymous_5)","decl":{"start":{"line":29,"column":2},"end":{"line":29,"column":8}},"loc":{"start":{"line":29,"column":19},"end":{"line":31,"column":3}}},"6":{"name":"(anonymous_6)","decl":{"start":{"line":33,"column":2},"end":{"line":33,"column":6}},"loc":{"start":{"line":33,"column":19},"end":{"line":35,"column":3}}}},"branchMap":{},"s":{"0":6,"1":1,"2":1,"3":1,"4":1,"5":1,"6":1,"7":1,"8":1,"9":1},"f":{"0":6,"1":1,"2":1,"3":1,"4":1,"5":1,"6":1},"b":{}}
,"/home/s432034498/Documentos/Solução Novo Grupo/fast-food-ms-pagamento/src/core/domain/Order.ts": {"path":"/home/s432034498/Documentos/Solução Novo Grupo/fast-food-ms-pagamento/src/core/domain/Order.ts","statementMap":{"0":{"start":{"line":1,"column":0},"end":{"line":1,"column":null}},"1":{"start":{"line":2,"column":2},"end":{"line":2,"column":null}},"2":{"start":{"line":3,"column":2},"end":{"line":3,"column":null}},"3":{"start":{"line":4,"column":2},"end":{"line":4,"column":null}},"4":{"start":{"line":5,"column":2},"end":{"line":5,"column":null}},"5":{"start":{"line":8,"column":0},"end":{"line":8,"column":null}},"6":{"start":{"line":9,"column":2},"end":{"line":9,"column":null}},"7":{"start":{"line":10,"column":2},"end":{"line":10,"column":null}},"8":{"start":{"line":11,"column":2},"end":{"line":11,"column":null}},"9":{"start":{"line":12,"column":2},"end":{"line":12,"column":null}}},"fnMap":{"0":{"name":"(anonymous_0)","decl":{"start":{"line":1,"column":0},"end":{"line":1,"column":12}},"loc":{"start":{"line":1,"column":26},"end":{"line":6,"column":1}}},"1":{"name":"(anonymous_1)","decl":{"start":{"line":8,"column":0},"end":{"line":8,"column":12}},"loc":{"start":{"line":8,"column":26},"end":{"line":13,"column":1}}}},"branchMap":{"0":{"loc":{"start":{"line":1,"column":12},"end":{"line":1,"column":null}},"type":"binary-expr","locations":[{"start":{"line":1,"column":12},"end":{"line":1,"column":26}},{"start":{"line":1,"column":26},"end":{"line":1,"column":null}}]},"1":{"loc":{"start":{"line":8,"column":12},"end":{"line":8,"column":null}},"type":"binary-expr","locations":[{"start":{"line":8,"column":12},"end":{"line":8,"column":26}},{"start":{"line":8,"column":26},"end":{"line":8,"column":null}}]}},"s":{"0":1,"1":1,"2":1,"3":1,"4":1,"5":1,"6":1,"7":1,"8":1,"9":1},"f":{"0":1,"1":1},"b":{"0":[1,1],"1":[1,1]}}
}
