{"/home/s432034498/Documentos/Solução Novo Grupo/fast-food-ms-pagamento/src/adapters/driver/api/controller/OrderController.ts": {"path":"/home/s432034498/Documentos/Solução Novo Grupo/fast-food-ms-pagamento/src/adapters/driver/api/controller/OrderController.ts","statementMap":{"0":{"start":{"line":1,"column":0},"end":{"line":1,"column":97}},"1":{"start":{"line":3,"column":0},"end":{"line":3,"column":63}},"2":{"start":{"line":4,"column":0},"end":{"line":4,"column":49}},"3":{"start":{"line":5,"column":0},"end":{"line":5,"column":64}},"4":{"start":{"line":6,"column":0},"end":{"line":6,"column":26}},"5":{"start":{"line":8,"column":29},"end":{"line":8,"column":85}},"6":{"start":{"line":9,"column":29},"end":{"line":9,"column":85}},"7":{"start":{"line":13,"column":7},"end":{"line":165,"column":null}},"8":{"start":{"line":17,"column":4},"end":{"line":17,"column":37}},"9":{"start":{"line":25,"column":4},"end":{"line":37,"column":5}},"10":{"start":{"line":26,"column":34},"end":{"line":26,"column":57}},"11":{"start":{"line":28,"column":6},"end":{"line":32,"column":7}},"12":{"start":{"line":29,"column":8},"end":{"line":29,"column":null}},"13":{"start":{"line":31,"column":8},"end":{"line":31,"column":null}},"14":{"start":{"line":36,"column":6},"end":{"line":36,"column":78}},"15":{"start":{"line":47,"column":4},"end":{"line":55,"column":5}},"16":{"start":{"line":48,"column":20},"end":{"line":48,"column":78}},"17":{"start":{"line":49,"column":6},"end":{"line":51,"column":7}},"18":{"start":{"line":50,"column":8},"end":{"line":50,"column":69}},"19":{"start":{"line":52,"column":6},"end":{"line":52,"column":19}},"20":{"start":{"line":54,"column":6},"end":{"line":54,"column":78}},"21":{"start":{"line":64,"column":4},"end":{"line":71,"column":5}},"22":{"start":{"line":65,"column":22},"end":{"line":65,"column":64}},"23":{"start":{"line":66,"column":6},"end":{"line":68,"column":7}},"24":{"start":{"line":67,"column":8},"end":{"line":67,"column":69}},"25":{"start":{"line":70,"column":6},"end":{"line":70,"column":78}},"26":{"start":{"line":80,"column":4},"end":{"line":88,"column":5}},"27":{"start":{"line":81,"column":20},"end":{"line":81,"column":63}},"28":{"start":{"line":82,"column":6},"end":{"line":84,"column":7}},"29":{"start":{"line":83,"column":8},"end":{"line":83,"column":69}},"30":{"start":{"line":85,"column":6},"end":{"line":85,"column":19}},"31":{"start":{"line":87,"column":6},"end":{"line":87,"column":78}},"32":{"start":{"line":96,"column":4},"end":{"line":101,"column":5}},"33":{"start":{"line":97,"column":21},"end":{"line":97,"column":69}},"34":{"start":{"line":100,"column":6},"end":{"line":100,"column":78}},"35":{"start":{"line":110,"column":4},"end":{"line":112,"column":5}},"36":{"start":{"line":111,"column":6},"end":{"line":111,"column":68}},"37":{"start":{"line":114,"column":4},"end":{"line":119,"column":5}},"38":{"start":{"line":115,"column":21},"end":{"line":115,"column":82}},"39":{"start":{"line":116,"column":6},"end":{"line":116,"column":20}},"40":{"start":{"line":118,"column":6},"end":{"line":118,"column":78}},"41":{"start":{"line":129,"column":4},"end":{"line":131,"column":5}},"42":{"start":{"line":130,"column":6},"end":{"line":130,"column":90}},"43":{"start":{"line":133,"column":4},"end":{"line":141,"column":5}},"44":{"start":{"line":134,"column":21},"end":{"line":136,"column":null}},"45":{"start":{"line":138,"column":6},"end":{"line":138,"column":20}},"46":{"start":{"line":140,"column":6},"end":{"line":140,"column":78}},"47":{"start":{"line":151,"column":4},"end":{"line":153,"column":5}},"48":{"start":{"line":152,"column":6},"end":{"line":152,"column":90}},"49":{"start":{"line":155,"column":4},"end":{"line":163,"column":5}},"50":{"start":{"line":156,"column":21},"end":{"line":158,"column":null}},"51":{"start":{"line":160,"column":6},"end":{"line":160,"column":20}},"52":{"start":{"line":162,"column":6},"end":{"line":162,"column":78}},"53":{"start":{"line":13,"column":13},"end":{"line":13,"column":28}},"54":{"start":{"line":21,"column":15},"end":{"line":38,"column":null}},"55":{"start":{"line":41,"column":15},"end":{"line":56,"column":null}},"56":{"start":{"line":59,"column":15},"end":{"line":72,"column":null}},"57":{"start":{"line":75,"column":15},"end":{"line":89,"column":null}},"58":{"start":{"line":92,"column":15},"end":{"line":102,"column":null}},"59":{"start":{"line":105,"column":15},"end":{"line":120,"column":null}},"60":{"start":{"line":123,"column":15},"end":{"line":142,"column":null}},"61":{"start":{"line":145,"column":15},"end":{"line":164,"column":null}},"62":{"start":{"line":13,"column":13},"end":{"line":165,"column":null}}},"fnMap":{"0":{"name":"(anonymous_5)","decl":{"start":{"line":16,"column":2},"end":{"line":16,"column":14}},"loc":{"start":{"line":16,"column":41},"end":{"line":18,"column":3}}},"1":{"name":"(anonymous_6)","decl":{"start":{"line":21,"column":9},"end":{"line":21,"column":14}},"loc":{"start":{"line":23,"column":72},"end":{"line":38,"column":3}}},"2":{"name":"(anonymous_7)","decl":{"start":{"line":41,"column":9},"end":{"line":41,"column":14}},"loc":{"start":{"line":45,"column":72},"end":{"line":56,"column":3}}},"3":{"name":"(anonymous_8)","decl":{"start":{"line":59,"column":9},"end":{"line":59,"column":14}},"loc":{"start":{"line":62,"column":72},"end":{"line":72,"column":3}}},"4":{"name":"(anonymous_9)","decl":{"start":{"line":75,"column":9},"end":{"line":75,"column":14}},"loc":{"start":{"line":78,"column":72},"end":{"line":89,"column":3}}},"5":{"name":"(anonymous_10)","decl":{"start":{"line":92,"column":9},"end":{"line":92,"column":14}},"loc":{"start":{"line":94,"column":72},"end":{"line":102,"column":3}}},"6":{"name":"(anonymous_11)","decl":{"start":{"line":105,"column":9},"end":{"line":105,"column":14}},"loc":{"start":{"line":108,"column":72},"end":{"line":120,"column":3}}},"7":{"name":"(anonymous_12)","decl":{"start":{"line":123,"column":9},"end":{"line":123,"column":14}},"loc":{"start":{"line":127,"column":72},"end":{"line":142,"column":3}}},"8":{"name":"(anonymous_13)","decl":{"start":{"line":145,"column":9},"end":{"line":145,"column":14}},"loc":{"start":{"line":149,"column":72},"end":{"line":164,"column":3}}}},"branchMap":{"0":{"loc":{"start":{"line":8,"column":29},"end":{"line":8,"column":85}},"type":"cond-expr","locations":[{"start":{"line":8,"column":56},"end":{"line":8,"column":80}},{"start":{"line":8,"column":83},"end":{"line":8,"column":85}}]},"1":{"loc":{"start":{"line":9,"column":29},"end":{"line":9,"column":85}},"type":"cond-expr","locations":[{"start":{"line":9,"column":56},"end":{"line":9,"column":80}},{"start":{"line":9,"column":83},"end":{"line":9,"column":85}}]},"2":{"loc":{"start":{"line":49,"column":6},"end":{"line":51,"column":7}},"type":"if","locations":[{"start":{"line":49,"column":6},"end":{"line":51,"column":7}}]},"3":{"loc":{"start":{"line":66,"column":6},"end":{"line":68,"column":7}},"type":"if","locations":[{"start":{"line":66,"column":6},"end":{"line":68,"column":7}}]},"4":{"loc":{"start":{"line":82,"column":6},"end":{"line":84,"column":7}},"type":"if","locations":[{"start":{"line":82,"column":6},"end":{"line":84,"column":7}}]},"5":{"loc":{"start":{"line":110,"column":4},"end":{"line":112,"column":5}},"type":"if","locations":[{"start":{"line":110,"column":4},"end":{"line":112,"column":5}}]},"6":{"loc":{"start":{"line":129,"column":4},"end":{"line":131,"column":5}},"type":"if","locations":[{"start":{"line":129,"column":4},"end":{"line":131,"column":5}}]},"7":{"loc":{"start":{"line":129,"column":8},"end":{"line":129,"column":30}},"type":"binary-expr","locations":[{"start":{"line":129,"column":8},"end":{"line":129,"column":18}},{"start":{"line":129,"column":22},"end":{"line":129,"column":30}}]},"8":{"loc":{"start":{"line":151,"column":4},"end":{"line":153,"column":5}},"type":"if","locations":[{"start":{"line":151,"column":4},"end":{"line":153,"column":5}}]},"9":{"loc":{"start":{"line":151,"column":8},"end":{"line":151,"column":30}},"type":"binary-expr","locations":[{"start":{"line":151,"column":8},"end":{"line":151,"column":18}},{"start":{"line":151,"column":22},"end":{"line":151,"column":30}}]}},"s":{"0":1,"1":1,"2":1,"3":1,"4":1,"5":1,"6":1,"7":1,"8":22,"9":4,"10":4,"11":4,"12":4,"13":4,"14":0,"15":5,"16":5,"17":5,"18":5,"19":0,"20":0,"21":3,"22":3,"23":3,"24":2,"25":0,"26":2,"27":2,"28":2,"29":2,"30":0,"31":0,"32":0,"33":0,"34":0,"35":5,"36":5,"37":0,"38":0,"39":0,"40":0,"41":1,"42":0,"43":1,"44":1,"45":1,"46":0,"47":2,"48":0,"49":2,"50":2,"51":2,"52":0,"53":1,"54":1,"55":1,"56":1,"57":1,"58":1,"59":1,"60":1,"61":1,"62":1},"f":{"0":22,"1":4,"2":5,"3":3,"4":2,"5":0,"6":5,"7":1,"8":2},"b":{"0":[0,1],"1":[0,1],"2":[5],"3":[2],"4":[2],"5":[5],"6":[0],"7":[1,1],"8":[0],"9":[2,2]}}
,"/home/s432034498/Documentos/Solução Novo Grupo/fast-food-ms-pagamento/src/adapters/driver/api/controller/dto/OrderDto.ts": {"path":"/home/s432034498/Documentos/Solução Novo Grupo/fast-food-ms-pagamento/src/adapters/driver/api/controller/dto/OrderDto.ts","statementMap":{"0":{"start":{"line":3,"column":0},"end":{"line":3,"column":13}},"1":{"start":{"line":13,"column":0},"end":{"line":13,"column":13}}},"fnMap":{},"branchMap":{},"s":{"0":1,"1":1},"f":{},"b":{}}
,"/home/s432034498/Documentos/Solução Novo Grupo/fast-food-ms-pagamento/src/adapters/driver/api/mapper/order.mapper.ts": {"path":"/home/s432034498/Documentos/Solução Novo Grupo/fast-food-ms-pagamento/src/adapters/driver/api/mapper/order.mapper.ts","statementMap":{"0":{"start":{"line":1,"column":0},"end":{"line":1,"column":71}},"1":{"start":{"line":5,"column":23},"end":{"line":22,"column":1}},"2":{"start":{"line":6,"column":45},"end":{"line":6,"column":49}},"3":{"start":{"line":8,"column":33},"end":{"line":12,"column":4}},"4":{"start":{"line":14,"column":45},"end":{"line":19,"column":5}},"5":{"start":{"line":14,"column":66},"end":{"line":19,"column":4}},"6":{"start":{"line":21,"column":2},"end":{"line":21,"column":29}},"7":{"start":{"line":5,"column":13},"end":{"line":5,"column":23}}},"fnMap":{"0":{"name":"(anonymous_0)","decl":{"start":{"line":5,"column":23},"end":{"line":5,"column":24}},"loc":{"start":{"line":5,"column":112},"end":{"line":22,"column":1}}},"1":{"name":"(anonymous_1)","decl":{"start":{"line":14,"column":55},"end":{"line":14,"column":56}},"loc":{"start":{"line":14,"column":66},"end":{"line":19,"column":4}}}},"branchMap":{},"s":{"0":1,"1":1,"2":4,"3":4,"4":4,"5":4,"6":4,"7":1},"f":{"0":4,"1":4},"b":{}}
,"/home/s432034498/Documentos/Solução Novo Grupo/fast-food-ms-pagamento/src/adapters/driver/api/repository/TypeORMRepository.ts": {"path":"/home/s432034498/Documentos/Solução Novo Grupo/fast-food-ms-pagamento/src/adapters/driver/api/repository/TypeORMRepository.ts","statementMap":{"0":{"start":{"line":8,"column":4},"end":{"line":8,"column":55}},"1":{"start":{"line":12,"column":19},"end":{"line":12,"column":47}},"2":{"start":{"line":13,"column":4},"end":{"line":13,"column":40}},"3":{"start":{"line":17,"column":21},"end":{"line":17,"column":49}},"4":{"start":{"line":18,"column":4},"end":{"line":18,"column":42}},"5":{"start":{"line":22,"column":4},"end":{"line":22,"column":40}},"6":{"start":{"line":26,"column":4},"end":{"line":26,"column":44}},"7":{"start":{"line":30,"column":4},"end":{"line":30,"column":38}},"8":{"start":{"line":34,"column":4},"end":{"line":34,"column":41}},"9":{"start":{"line":4,"column":0},"end":{"line":4,"column":13}}},"fnMap":{"0":{"name":"(anonymous_0)","decl":{"start":{"line":7,"column":2},"end":{"line":7,"column":14}},"loc":{"start":{"line":7,"column":57},"end":{"line":9,"column":3}}},"1":{"name":"(anonymous_1)","decl":{"start":{"line":11,"column":2},"end":{"line":11,"column":8}},"loc":{"start":{"line":11,"column":16},"end":{"line":14,"column":3}}},"2":{"name":"(anonymous_2)","decl":{"start":{"line":16,"column":2},"end":{"line":16,"column":12}},"loc":{"start":{"line":16,"column":22},"end":{"line":19,"column":3}}},"3":{"name":"(anonymous_3)","decl":{"start":{"line":21,"column":2},"end":{"line":21,"column":6}},"loc":{"start":{"line":21,"column":16},"end":{"line":23,"column":3}}},"4":{"name":"(anonymous_4)","decl":{"start":{"line":25,"column":2},"end":{"line":25,"column":11}},"loc":{"start":{"line":25,"column":29},"end":{"line":27,"column":3}}},"5":{"name":"(anonymous_5)","decl":{"start":{"line":29,"column":2},"end":{"line":29,"column":8}},"loc":{"start":{"line":29,"column":19},"end":{"line":31,"column":3}}},"6":{"name":"(anonymous_6)","decl":{"start":{"line":33,"column":2},"end":{"line":33,"column":6}},"loc":{"start":{"line":33,"column":19},"end":{"line":35,"column":3}}}},"branchMap":{},"s":{"0":6,"1":1,"2":1,"3":1,"4":1,"5":1,"6":1,"7":1,"8":1,"9":1},"f":{"0":6,"1":1,"2":1,"3":1,"4":1,"5":1,"6":1},"b":{}}
,"/home/s432034498/Documentos/Solução Novo Grupo/fast-food-ms-pagamento/src/core/domain/Order.ts": {"path":"/home/s432034498/Documentos/Solução Novo Grupo/fast-food-ms-pagamento/src/core/domain/Order.ts","statementMap":{"0":{"start":{"line":1,"column":0},"end":{"line":1,"column":null}},"1":{"start":{"line":2,"column":2},"end":{"line":2,"column":null}},"2":{"start":{"line":3,"column":2},"end":{"line":3,"column":null}},"3":{"start":{"line":4,"column":2},"end":{"line":4,"column":null}},"4":{"start":{"line":5,"column":2},"end":{"line":5,"column":null}},"5":{"start":{"line":8,"column":0},"end":{"line":8,"column":null}},"6":{"start":{"line":9,"column":2},"end":{"line":9,"column":null}},"7":{"start":{"line":10,"column":2},"end":{"line":10,"column":null}},"8":{"start":{"line":11,"column":2},"end":{"line":11,"column":null}},"9":{"start":{"line":12,"column":2},"end":{"line":12,"column":null}}},"fnMap":{"0":{"name":"(anonymous_0)","decl":{"start":{"line":1,"column":0},"end":{"line":1,"column":12}},"loc":{"start":{"line":1,"column":26},"end":{"line":6,"column":1}}},"1":{"name":"(anonymous_1)","decl":{"start":{"line":8,"column":0},"end":{"line":8,"column":12}},"loc":{"start":{"line":8,"column":26},"end":{"line":13,"column":1}}}},"branchMap":{"0":{"loc":{"start":{"line":1,"column":12},"end":{"line":1,"column":null}},"type":"binary-expr","locations":[{"start":{"line":1,"column":12},"end":{"line":1,"column":26}},{"start":{"line":1,"column":26},"end":{"line":1,"column":null}}]},"1":{"loc":{"start":{"line":8,"column":12},"end":{"line":8,"column":null}},"type":"binary-expr","locations":[{"start":{"line":8,"column":12},"end":{"line":8,"column":26}},{"start":{"line":8,"column":26},"end":{"line":8,"column":null}}]}},"s":{"0":1,"1":1,"2":1,"3":1,"4":1,"5":1,"6":1,"7":1,"8":1,"9":1},"f":{"0":1,"1":1},"b":{"0":[1,1],"1":[1,1]}}
}
