TN:
SF:src/adapters/driver/api/controller/OrderController.ts
FN:16,(anonymous_5)
FN:21,(anonymous_6)
FN:41,(anonymous_7)
FN:59,(anonymous_8)
FN:75,(anonymous_9)
FN:92,(anonymous_10)
FN:105,(anonymous_11)
FN:123,(anonymous_12)
FN:145,(anonymous_13)
FNF:9
FNH:8
FNDA:22,(anonymous_5)
FNDA:4,(anonymous_6)
FNDA:5,(anonymous_7)
FNDA:3,(anonymous_8)
FNDA:2,(anonymous_9)
FNDA:0,(anonymous_10)
FNDA:5,(anonymous_11)
FNDA:1,(anonymous_12)
FNDA:2,(anonymous_13)
DA:1,1
DA:3,1
DA:4,1
DA:5,1
DA:6,1
DA:8,1
DA:9,1
DA:13,1
DA:17,22
DA:21,1
DA:25,4
DA:26,4
DA:28,4
DA:29,4
DA:31,4
DA:36,0
DA:41,1
DA:47,5
DA:48,5
DA:49,5
DA:50,5
DA:52,0
DA:54,0
DA:59,1
DA:64,3
DA:65,3
DA:66,3
DA:67,2
DA:70,0
DA:75,1
DA:80,2
DA:81,2
DA:82,2
DA:83,2
DA:85,0
DA:87,0
DA:92,1
DA:96,0
DA:97,0
DA:100,0
DA:105,1
DA:110,5
DA:111,5
DA:114,0
DA:115,0
DA:116,0
DA:118,0
DA:123,1
DA:129,1
DA:130,0
DA:133,1
DA:134,1
DA:138,1
DA:140,0
DA:145,1
DA:151,2
DA:152,0
DA:155,2
DA:156,2
DA:160,2
DA:162,0
LF:61
LH:44
BRDA:8,0,0,0
BRDA:8,0,1,1
BRDA:9,1,0,0
BRDA:9,1,1,1
BRDA:49,2,0,5
BRDA:66,3,0,2
BRDA:82,4,0,2
BRDA:110,5,0,5
BRDA:129,6,0,0
BRDA:129,7,0,1
BRDA:129,7,1,1
BRDA:151,8,0,0
BRDA:151,9,0,2
BRDA:151,9,1,2
BRF:14
BRH:10
end_of_record
TN:
SF:src/adapters/driver/api/controller/dto/OrderDto.ts
FNF:0
FNH:0
DA:3,1
DA:13,1
LF:2
LH:2
BRF:0
BRH:0
end_of_record
TN:
SF:src/adapters/driver/api/mapper/order.mapper.ts
FN:5,(anonymous_0)
FN:14,(anonymous_1)
FNF:2
FNH:2
FNDA:4,(anonymous_0)
FNDA:4,(anonymous_1)
DA:1,1
DA:5,1
DA:6,4
DA:8,4
DA:14,4
DA:21,4
LF:6
LH:6
BRF:0
BRH:0
end_of_record
TN:
SF:src/adapters/driver/api/repository/TypeORMRepository.ts
FN:7,(anonymous_0)
FN:11,(anonymous_1)
FN:16,(anonymous_2)
FN:21,(anonymous_3)
FN:25,(anonymous_4)
FN:29,(anonymous_5)
FN:33,(anonymous_6)
FNF:7
FNH:7
FNDA:6,(anonymous_0)
FNDA:1,(anonymous_1)
FNDA:1,(anonymous_2)
FNDA:1,(anonymous_3)
FNDA:1,(anonymous_4)
FNDA:1,(anonymous_5)
FNDA:1,(anonymous_6)
DA:4,1
DA:8,6
DA:12,1
DA:13,1
DA:17,1
DA:18,1
DA:22,1
DA:26,1
DA:30,1
DA:34,1
LF:10
LH:10
BRF:0
BRH:0
end_of_record
TN:
SF:src/core/domain/Order.ts
FN:1,(anonymous_0)
FN:8,(anonymous_1)
FNF:2
FNH:2
FNDA:1,(anonymous_0)
FNDA:1,(anonymous_1)
DA:1,1
DA:2,1
DA:3,1
DA:4,1
DA:5,1
DA:8,1
DA:9,1
DA:10,1
DA:11,1
DA:12,1
LF:10
LH:10
BRDA:1,0,0,1
BRDA:1,0,1,1
BRDA:8,1,0,1
BRDA:8,1,1,1
BRF:4
BRH:4
end_of_record
