TN:
SF:src/adapters/driver/api/controller/OrderController.ts
FN:17,(anonymous_5)
FN:22,(anonymous_6)
FN:52,(anonymous_7)
FN:70,(anonymous_8)
FN:86,(anonymous_9)
FN:103,(anonymous_10)
FN:116,(anonymous_11)
FN:134,(anonymous_12)
FN:156,(anonymous_13)
FNF:9
FNH:8
FNDA:20,(anonymous_5)
FNDA:4,(anonymous_6)
FNDA:4,(anonymous_7)
FNDA:3,(anonymous_8)
FNDA:2,(anonymous_9)
FNDA:0,(anonymous_10)
FNDA:4,(anonymous_11)
FNDA:1,(anonymous_12)
FNDA:2,(anonymous_13)
DA:1,1
DA:3,1
DA:4,1
DA:5,1
DA:6,1
DA:8,1
DA:10,1
DA:14,1
DA:18,20
DA:22,1
DA:26,4
DA:27,4
DA:29,4
DA:30,4
DA:32,4
DA:35,0
DA:36,0
DA:38,0
DA:39,0
DA:44,0
DA:47,0
DA:52,1
DA:58,4
DA:59,4
DA:60,4
DA:61,4
DA:63,0
DA:65,0
DA:70,1
DA:75,3
DA:76,3
DA:77,3
DA:78,2
DA:81,0
DA:86,1
DA:91,2
DA:92,2
DA:93,2
DA:94,2
DA:96,0
DA:98,0
DA:103,1
DA:107,0
DA:108,0
DA:109,0
DA:111,0
DA:116,1
DA:121,4
DA:122,4
DA:125,0
DA:126,0
DA:127,0
DA:129,0
DA:134,1
DA:140,1
DA:141,0
DA:144,1
DA:145,1
DA:149,1
DA:151,0
DA:156,1
DA:162,2
DA:163,0
DA:166,2
DA:167,2
DA:171,2
DA:173,0
LF:67
LH:44
BRDA:8,0,0,0
BRDA:8,0,1,1
BRDA:10,1,0,0
BRDA:10,1,1,1
BRDA:38,2,0,0
BRDA:60,3,0,4
BRDA:77,4,0,2
BRDA:93,5,0,2
BRDA:121,6,0,4
BRDA:140,7,0,0
BRDA:140,8,0,1
BRDA:140,8,1,1
BRDA:162,9,0,0
BRDA:162,10,0,2
BRDA:162,10,1,2
BRF:15
BRH:10
end_of_record
TN:
SF:src/adapters/driver/api/controller/dto/OrderDto.ts
FNF:0
FNH:0
DA:3,1
DA:13,1
LF:2
LH:2
BRF:0
BRH:0
end_of_record
TN:
SF:src/adapters/driver/api/mapper/order.mapper.ts
FN:5,(anonymous_0)
FN:14,(anonymous_1)
FNF:2
FNH:2
FNDA:4,(anonymous_0)
FNDA:4,(anonymous_1)
DA:1,1
DA:5,1
DA:6,4
DA:8,4
DA:14,4
DA:21,4
LF:6
LH:6
BRF:0
BRH:0
end_of_record
TN:
SF:src/adapters/driver/api/repository/TypeORMRepository.ts
FN:7,(anonymous_0)
FN:11,(anonymous_1)
FN:16,(anonymous_2)
FN:21,(anonymous_3)
FN:25,(anonymous_4)
FN:29,(anonymous_5)
FN:33,(anonymous_6)
FNF:7
FNH:7
FNDA:6,(anonymous_0)
FNDA:1,(anonymous_1)
FNDA:1,(anonymous_2)
FNDA:1,(anonymous_3)
FNDA:1,(anonymous_4)
FNDA:1,(anonymous_5)
FNDA:1,(anonymous_6)
DA:4,1
DA:8,6
DA:12,1
DA:13,1
DA:17,1
DA:18,1
DA:22,1
DA:26,1
DA:30,1
DA:34,1
LF:10
LH:10
BRF:0
BRH:0
end_of_record
TN:
SF:src/core/domain/Order.ts
FN:1,(anonymous_0)
FN:8,(anonymous_1)
FNF:2
FNH:2
FNDA:1,(anonymous_0)
FNDA:1,(anonymous_1)
DA:1,1
DA:2,1
DA:3,1
DA:4,1
DA:5,1
DA:8,1
DA:9,1
DA:10,1
DA:11,1
DA:12,1
LF:10
LH:10
BRDA:1,0,0,1
BRDA:1,0,1,1
BRDA:8,1,0,1
BRDA:8,1,1,1
BRF:4
BRH:4
end_of_record
